<?xml version="1.0" encoding="UTF-8"?>
<!-- Generated by org.testng.reporters.JUnitXMLReporter -->
<testsuite ignored="3" hostname="LAPTOP-UA381MM8" failures="0" tests="1" name="Alerts Test - chrome" time="8.387" errors="0" timestamp="03 Oct 2020 04:56:18 GMT">
  <testcase classname="com.waltonbd.WebTests.AlertTest" name="promptAlertHandle" time="0.404"/>
  <testcase classname="com.waltonbd.WebTests.AlertTest" name="openWindowPage" time="0.0">
    <ignored/>
  </testcase> <!-- openWindowPage -->
  <testcase classname="com.waltonbd.WebTests.AlertTest" name="simpleAlertHandle" time="0.0">
    <ignored/>
  </testcase> <!-- simpleAlertHandle -->
  <testcase classname="com.waltonbd.WebTests.AlertTest" name="confirmationAlertHandle" time="0.0">
    <ignored/>
  </testcase> <!-- confirmationAlertHandle -->
</testsuite> <!-- Alerts Test - chrome -->
