<?xml version="1.0" encoding="UTF-8"?>
<!-- Generated by org.testng.reporters.JUnitXMLReporter -->
<testsuite ignored="1" hostname="LAPTOP-UA381MM8" failures="0" tests="3" name="Excel Test - chrome" time="56.218" errors="0" timestamp="20 Oct 2020 05:10:01 GMT">
  <testcase classname="com.waltonbd.WebTests.ExcelTest" name="DemoLogin" time="7.277"/>
  <testcase classname="com.waltonbd.WebTests.ExcelTest" name="DemoLogin" time="6.555"/>
  <testcase classname="com.waltonbd.WebTests.ExcelTest" name="DemoLogin" time="6.734"/>
  <testcase classname="com.waltonbd.WebTests.ExcelTest" name="excelOperations" time="0.0">
    <ignored/>
  </testcase> <!-- excelOperations -->
</testsuite> <!-- Excel Test - chrome -->
