<?xml version="1.0" encoding="UTF-8"?>
<!-- Generated by org.testng.reporters.JUnitXMLReporter -->
<testsuite ignored="1" hostname="LAPTOP-UA381MM8" failures="0" tests="1" name="Frames Test - chrome" time="13.374" errors="0" timestamp="01 Oct 2020 10:40:12 GMT">
  <testcase classname="com.waltonbd.WebTests.FramesTest" name="openAndInputFrames" time="4.953"/>
  <testcase classname="com.waltonbd.WebTests.FramesTest" name="openFramesPage" time="0.0">
    <ignored/>
  </testcase> <!-- openFramesPage -->
</testsuite> <!-- Frames Test - chrome -->
