<?xml version="1.0" encoding="UTF-8"?>
<!-- Generated by org.testng.reporters.JUnitXMLReporter -->
<testsuite ignored="2" hostname="LAPTOP-UA381MM8" failures="0" tests="1" name="Javascript Executor Test - chrome" time="31.943" errors="0" timestamp="03 Oct 2020 08:28:09 GMT">
  <testcase classname="com.waltonbd.WebTests.JavascriptTest" name="pageScrolling" time="13.728"/>
  <testcase classname="com.waltonbd.WebTests.JavascriptTest" name="openWindowPage" time="0.0">
    <ignored/>
  </testcase> <!-- openWindowPage -->
  <testcase classname="com.waltonbd.WebTests.JavascriptTest" name="inputFieldValue" time="0.0">
    <ignored/>
  </testcase> <!-- inputFieldValue -->
</testsuite> <!-- Javascript Executor Test - chrome -->
