<?xml version="1.0" encoding="UTF-8"?>
<!-- Generated by org.testng.reporters.JUnitXMLReporter -->
<testsuite ignored="5" hostname="LAPTOP-UA381MM8" failures="0" tests="1" name="Locators Test - chrome" time="81.356" errors="0" timestamp="05 Oct 2020 09:20:20 GMT">
  <testcase classname="com.waltonbd.WebTests.LocatorsTest" name="cssSelectorsOperation" time="31.006"/>
  <testcase classname="com.waltonbd.WebTests.LocatorsTest" name="htmlDropDownsOperation" time="0.0">
    <ignored/>
  </testcase> <!-- htmlDropDownsOperation -->
  <testcase classname="com.waltonbd.WebTests.LocatorsTest" name="htmlControlsOperation" time="0.0">
    <ignored/>
  </testcase> <!-- htmlControlsOperation -->
  <testcase classname="com.waltonbd.WebTests.LocatorsTest" name="xpathOperation" time="0.0">
    <ignored/>
  </testcase> <!-- xpathOperation -->
  <testcase classname="com.waltonbd.WebTests.LocatorsTest" name="elementsOperation" time="0.0">
    <ignored/>
  </testcase> <!-- elementsOperation -->
  <testcase classname="com.waltonbd.WebTests.LocatorsTest" name="openLocatorsPage" time="0.0">
    <ignored/>
  </testcase> <!-- openLocatorsPage -->
</testsuite> <!-- Locators Test - chrome -->
