<?xml version="1.0" encoding="UTF-8"?>
<!-- Generated by org.testng.reporters.JUnitXMLReporter -->
<testsuite ignored="3" hostname="LAPTOP-UA381MM8" failures="0" tests="1" name="Locators Test - chrome" time="14.57" errors="0" timestamp="04 Oct 2020 10:14:39 GMT">
  <testcase classname="com.waltonbd.WebTests.LocatorsTest" name="htmlDropDownsOperation" time="4.2"/>
  <testcase classname="com.waltonbd.WebTests.LocatorsTest" name="htmlControlsOperation" time="0.0">
    <ignored/>
  </testcase> <!-- htmlControlsOperation -->
  <testcase classname="com.waltonbd.WebTests.LocatorsTest" name="elementsOperation" time="0.0">
    <ignored/>
  </testcase> <!-- elementsOperation -->
  <testcase classname="com.waltonbd.WebTests.LocatorsTest" name="openLocatorsPage" time="0.0">
    <ignored/>
  </testcase> <!-- openLocatorsPage -->
</testsuite> <!-- Locators Test - chrome -->
