<?xml version="1.0" encoding="UTF-8"?>
<!-- Generated by org.testng.reporters.JUnitXMLReporter -->
<testsuite ignored="1" hostname="LAPTOP-UA381MM8" failures="0" tests="1" name="Page Factory Test - chrome" time="11.858" errors="0" timestamp="22 Oct 2020 07:00:00 GMT">
  <testcase classname="com.waltonbd.WebTests.PageFactoryTest" name="checkFactoryFunction" time="0.362"/>
  <testcase classname="com.waltonbd.WebTests.PageFactoryTest" name="openWindowPage" time="0.0">
    <ignored/>
  </testcase> <!-- openWindowPage -->
</testsuite> <!-- Page Factory Test - chrome -->
