<?xml version="1.0" encoding="UTF-8"?>
<!-- Generated by org.testng.reporters.JUnitXMLReporter -->
<testsuite ignored="1" hostname="LAPTOP-UA381MM8" failures="0" tests="1" name="Robot Test - chrome" time="40.682" errors="0" timestamp="03 Oct 2020 05:45:28 GMT">
  <testcase classname="com.waltonbd.WebTests.RobotTest" name="robotHandle" time="24.666"/>
  <testcase classname="com.waltonbd.WebTests.RobotTest" name="openRobotsPage" time="0.0">
    <ignored/>
  </testcase> <!-- openRobotsPage -->
</testsuite> <!-- Robot Test - chrome -->
