<?xml version="1.0" encoding="UTF-8"?>
<!-- Generated by org.testng.reporters.JUnitXMLReporter -->
<testsuite ignored="1" hostname="LAPTOP-UA381MM8" failures="0" tests="1" name="Screenshots Test - chrome" time="12.23" errors="0" timestamp="05 Oct 2020 11:15:23 GMT">
  <testcase classname="com.waltonbd.WebTests.ScreenshotsTest" name="captureScreenshots" time="1.622"/>
  <testcase classname="com.waltonbd.WebTests.ScreenshotsTest" name="openFramesPage" time="0.0">
    <ignored/>
  </testcase> <!-- openFramesPage -->
</testsuite> <!-- Screenshots Test - chrome -->
