<?xml version="1.0" encoding="UTF-8"?>
<!-- Generated by org.testng.reporters.JUnitXMLReporter -->
<testsuite ignored="1" hostname="LAPTOP-UA381MM8" failures="0" tests="1" name="Screenshots Test - chrome" time="15.573" errors="0" timestamp="10 Oct 2020 09:28:22 GMT">
  <testcase classname="com.waltonbd.WebTests.ScreenshotsTest" name="captureScreenshots" time="1.568"/>
  <testcase classname="com.waltonbd.WebTests.ScreenshotsTest" name="openFramesPage" time="0.0">
    <ignored/>
  </testcase> <!-- openFramesPage -->
</testsuite> <!-- Screenshots Test - chrome -->
