<?xml version="1.0" encoding="UTF-8"?>
<!-- Generated by org.testng.reporters.JUnitXMLReporter -->
<testsuite ignored="4" hostname="LAPTOP-UA381MM8" failures="0" tests="1" name="Windows Test - chrome" time="38.195" errors="0" timestamp="03 Oct 2020 04:27:32 GMT">
  <testcase classname="com.waltonbd.WebTests.WindowTest" name="openMultipleWindowsTabs" time="30.622"/>
  <testcase classname="com.waltonbd.WebTests.WindowTest" name="openNewTab" time="0.0">
    <ignored/>
  </testcase> <!-- openNewTab -->
  <testcase classname="com.waltonbd.WebTests.WindowTest" name="openWindowPage" time="0.0">
    <ignored/>
  </testcase> <!-- openWindowPage -->
  <testcase classname="com.waltonbd.WebTests.WindowTest" name="openNewWindow" time="0.0">
    <ignored/>
  </testcase> <!-- openNewWindow -->
  <testcase classname="com.waltonbd.WebTests.WindowTest" name="openMultipleWindows" time="0.0">
    <ignored/>
  </testcase> <!-- openMultipleWindows -->
</testsuite> <!-- Windows Test - chrome -->
