<?xml version="1.0" encoding="UTF-8"?>
<!-- Generated by org.testng.reporters.JUnitXMLReporter -->
<testsuite ignored="1" hostname="LAPTOP-UA381MM8" failures="0" tests="1" name="Page Factory Test - chrome" time="57.224" errors="0" timestamp="24 Oct 2020 10:57:03 GMT">
  <testcase classname="com.waltonbd.WebTests.PageFactoryTest" name="checkFactoryFunction" time="21.712"/>
  <testcase classname="com.waltonbd.WebTests.PageFactoryTest" name="openWindowPage" time="0.0">
    <ignored/>
  </testcase> <!-- openWindowPage -->
</testsuite> <!-- Page Factory Test - chrome -->
