<?xml version="1.0" encoding="UTF-8"?>
<testsuite xmlns:xsi="http://www.w3.org/2001/XMLSchema-instance" xsi:schemaLocation="https://maven.apache.org/surefire/maven-surefire-plugin/xsd/surefire-test-report.xsd" name="TestSuite" time="74.465" tests="3" errors="0" skipped="0" failures="0">
  <properties>
[...]
</properties>
  <testcase name="operations" classname="com.waltonbd.WebTests.Log4jTest" time="0.018"/>
  <testcase name="checkFactoryFunction" classname="com.waltonbd.WebTests.PageFactoryTest" time="19.443"/>
  <testcase name="feature" classname="com.waltonbd.WebTests.MyRunner.TestRunner" time="31.852"/>
</testsuite>