<?xml version="1.0" encoding="UTF-8"?>
<testng-results ignored="1" total="4" passed="3" failed="0" skipped="0">
  <reporter-output>
  </reporter-output>
  <suite started-at="2020-10-24T10:56:06Z" name="Walton Web Test Suite" finished-at="2020-10-24T10:57:13Z" duration-ms="67157">
    <groups>
      <group name="cucumber">
        <method signature="TestRunner.feature(cucumber.api.testng.CucumberFeatureWrapper)[pri:0, instance:com.waltonbd.WebTests.MyRunner.TestRunner@2fb3536e]" name="feature" class="com.waltonbd.WebTests.MyRunner.TestRunner"/>
      </group> <!-- cucumber -->
    </groups>
    <test started-at="2020-10-24T10:56:06Z" name="Log4j Test - chrome" finished-at="2020-10-24T10:56:44Z" duration-ms="38296">
      <class name="com.waltonbd.WebTests.Log4jTest">
        <test-method is-config="true" signature="setUpTest(java.lang.String)[pri:0, instance:com.waltonbd.WebTests.Log4jTest@702b8b12]" started-at="2020-10-24T10:56:06Z" name="setUpTest" finished-at="2020-10-24T10:56:41Z" duration-ms="34672" status="PASS">
          <params>
            <param index="0">
              <value>
                <![CDATA[chrome]]>
              </value>
            </param>
          </params>
          <reporter-output>
          </reporter-output>
        </test-method> <!-- setUpTest -->
        <test-method signature="operations()[pri:1, instance:com.waltonbd.WebTests.Log4jTest@702b8b12]" started-at="2020-10-24T10:56:41Z" name="operations" finished-at="2020-10-24T10:56:41Z" duration-ms="15" status="PASS">
          <reporter-output>
          </reporter-output>
        </test-method> <!-- operations -->
        <test-method is-config="true" signature="tearDown()[pri:0, instance:com.waltonbd.WebTests.Log4jTest@702b8b12]" started-at="2020-10-24T10:56:41Z" name="tearDown" finished-at="2020-10-24T10:56:44Z" duration-ms="3574" status="PASS">
          <reporter-output>
          </reporter-output>
        </test-method> <!-- tearDown -->
      </class> <!-- com.waltonbd.WebTests.Log4jTest -->
    </test> <!-- Log4j Test - chrome -->
    <test started-at="2020-10-24T10:56:06Z" name="Page Factory Test - chrome" finished-at="2020-10-24T10:57:03Z" duration-ms="57224">
      <class name="com.waltonbd.WebTests.PageFactoryTest">
        <test-method is-config="true" signature="setUpTest(java.lang.String)[pri:0, instance:com.waltonbd.WebTests.PageFactoryTest@14555e0a]" started-at="2020-10-24T10:56:06Z" name="setUpTest" finished-at="2020-10-24T10:56:39Z" duration-ms="32402" status="PASS">
          <params>
            <param index="0">
              <value>
                <![CDATA[chrome]]>
              </value>
            </param>
          </params>
          <reporter-output>
          </reporter-output>
        </test-method> <!-- setUpTest -->
        <test-method signature="checkFactoryFunction()[pri:2, instance:com.waltonbd.WebTests.PageFactoryTest@14555e0a]" started-at="2020-10-24T10:56:39Z" name="checkFactoryFunction" finished-at="2020-10-24T10:57:00Z" duration-ms="21712" status="PASS">
          <reporter-output>
          </reporter-output>
        </test-method> <!-- checkFactoryFunction -->
        <test-method is-config="true" signature="tearDown()[pri:0, instance:com.waltonbd.WebTests.PageFactoryTest@14555e0a]" started-at="2020-10-24T10:57:00Z" name="tearDown" finished-at="2020-10-24T10:57:03Z" duration-ms="3076" status="PASS">
          <reporter-output>
          </reporter-output>
        </test-method> <!-- tearDown -->
      </class> <!-- com.waltonbd.WebTests.PageFactoryTest -->
    </test> <!-- Page Factory Test - chrome -->
    <test started-at="2020-10-24T10:56:06Z" name="Cucumber Test - chrome" finished-at="2020-10-24T10:57:13Z" duration-ms="67157">
      <class name="com.waltonbd.WebTests.MyRunner.TestRunner">
        <test-method is-config="true" signature="setUpClass()[pri:0, instance:com.waltonbd.WebTests.MyRunner.TestRunner@2fb3536e]" started-at="2020-10-24T10:56:06Z" name="setUpClass" finished-at="2020-10-24T10:56:07Z" duration-ms="516" status="PASS">
          <reporter-output>
          </reporter-output>
        </test-method> <!-- setUpClass -->
        <test-method signature="feature(cucumber.api.testng.CucumberFeatureWrapper)[pri:0, instance:com.waltonbd.WebTests.MyRunner.TestRunner@2fb3536e]" started-at="2020-10-24T10:56:07Z" name="feature" description="Runs Cucumber Feature" data-provider="features" finished-at="2020-10-24T10:57:13Z" duration-ms="65761" status="PASS">
          <params>
            <param index="0">
              <value>
                <![CDATA[Free CRM Login Feature]]>
              </value>
            </param>
          </params>
          <reporter-output>
          </reporter-output>
        </test-method> <!-- feature -->
        <test-method is-config="true" signature="tearDownClass()[pri:0, instance:com.waltonbd.WebTests.MyRunner.TestRunner@2fb3536e]" started-at="2020-10-24T10:57:13Z" name="tearDownClass" finished-at="2020-10-24T10:57:13Z" duration-ms="599" status="PASS">
          <reporter-output>
          </reporter-output>
        </test-method> <!-- tearDownClass -->
      </class> <!-- com.waltonbd.WebTests.MyRunner.TestRunner -->
    </test> <!-- Cucumber Test - chrome -->
  </suite> <!-- Walton Web Test Suite -->
</testng-results>
