<?xml version="1.0" encoding="UTF-8"?>
<testng-results ignored="0" total="1" passed="1" failed="0" skipped="0">
  <reporter-output>
  </reporter-output>
  <suite started-at="2020-10-20T08:49:29Z" name="Walton Web Test Suite" finished-at="2020-10-20T08:50:04Z" duration-ms="35605">
    <groups>
    </groups>
    <test started-at="2020-10-20T08:49:29Z" name="Log4j Test - chrome" finished-at="2020-10-20T08:50:04Z" duration-ms="35605">
      <class name="com.waltonbd.WebTests.Log4jTest">
        <test-method is-config="true" signature="setUpTest(java.lang.String)[pri:0, instance:com.waltonbd.WebTests.Log4jTest@a38c7fe]" started-at="2020-10-20T08:49:29Z" name="setUpTest" finished-at="2020-10-20T08:50:02Z" duration-ms="33596" status="PASS">
          <params>
            <param index="0">
              <value>
                <![CDATA[chrome]]>
              </value>
            </param>
          </params>
          <reporter-output>
          </reporter-output>
        </test-method> <!-- setUpTest -->
        <test-method signature="operations()[pri:1, instance:com.waltonbd.WebTests.Log4jTest@a38c7fe]" started-at="2020-10-20T08:50:02Z" name="operations" finished-at="2020-10-20T08:50:02Z" duration-ms="33" status="PASS">
          <reporter-output>
          </reporter-output>
        </test-method> <!-- operations -->
        <test-method is-config="true" signature="tearDown()[pri:0, instance:com.waltonbd.WebTests.Log4jTest@a38c7fe]" started-at="2020-10-20T08:50:02Z" name="tearDown" finished-at="2020-10-20T08:50:04Z" duration-ms="1929" status="PASS">
          <reporter-output>
          </reporter-output>
        </test-method> <!-- tearDown -->
      </class> <!-- com.waltonbd.WebTests.Log4jTest -->
    </test> <!-- Log4j Test - chrome -->
  </suite> <!-- Walton Web Test Suite -->
</testng-results>
