<?xml version="1.0" encoding="UTF-8"?>
<testng-results ignored="3" total="4" passed="1" failed="0" skipped="0">
  <reporter-output>
  </reporter-output>
  <suite started-at="2020-10-04T10:14:24Z" name="Walton Web Test Suite" finished-at="2020-10-04T10:14:39Z" duration-ms="14570">
    <groups>
    </groups>
    <test started-at="2020-10-04T10:14:24Z" name="Locators Test - chrome" finished-at="2020-10-04T10:14:39Z" duration-ms="14570">
      <class name="com.waltonbd.WebTests.LocatorsTest">
        <test-method is-config="true" signature="setUpTest(java.lang.String)[pri:0, instance:com.waltonbd.WebTests.LocatorsTest@57250572]" started-at="2020-10-04T10:14:24Z" name="setUpTest" finished-at="2020-10-04T10:14:35Z" duration-ms="10340" status="PASS">
          <params>
            <param index="0">
              <value>
                <![CDATA[ff]]>
              </value>
            </param>
          </params>
          <reporter-output>
          </reporter-output>
        </test-method> <!-- setUpTest -->
        <test-method signature="htmlDropDownsOperation()[pri:4, instance:com.waltonbd.WebTests.LocatorsTest@57250572]" started-at="2020-10-04T10:14:35Z" name="htmlDropDownsOperation" finished-at="2020-10-04T10:14:39Z" duration-ms="4200" status="PASS">
          <reporter-output>
          </reporter-output>
        </test-method> <!-- htmlDropDownsOperation -->
        <test-method is-config="true" signature="tearDown()[pri:0, instance:com.waltonbd.WebTests.LocatorsTest@57250572]" started-at="2020-10-04T10:14:39Z" name="tearDown" finished-at="2020-10-04T10:14:39Z" duration-ms="0" status="PASS">
          <reporter-output>
          </reporter-output>
        </test-method> <!-- tearDown -->
      </class> <!-- com.waltonbd.WebTests.LocatorsTest -->
    </test> <!-- Locators Test - chrome -->
  </suite> <!-- Walton Web Test Suite -->
</testng-results>
